<?xml version="1.0" encoding="UTF-8"?>
<!-- Generated by org.testng.reporters.JUnitReportReporter -->
<testsuite hostname="Desktop-JosÃ©" failures="0" tests="1" name="com.example.BookTest" time="0.005" errors="0" timestamp="2024-08-01T16:19:51 CEST" skipped="0">
  <testcase classname="com.example.BookTest" name="testBook" time="0.005"/>
  <system-out/>
</testsuite> <!-- com.example.BookTest -->
